{"C:\\Users\\lukyo\\Desktop\\cursos-alura\\Autenticacao-Testes-Segurancao_NodeJS\\Testes-Unitarios-Integracao\\node-testes\\index.js": {"path":"C:\\Users\\lukyo\\Desktop\\cursos-alura\\Autenticacao-Testes-Segurancao_NodeJS\\Testes-Unitarios-Integracao\\node-testes\\index.js","statementMap":{"0":{"start":{"line":1,"column":24},"end":{"line":1,"column":81}},"1":{"start":{"line":1,"column":55},"end":{"line":1,"column":81}},"2":{"start":{"line":2,"column":25},"end":{"line":2,"column":68}},"3":{"start":{"line":2,"column":49},"end":{"line":2,"column":68}}},"fnMap":{"0":{"name":"(anonymous_0)","decl":{"start":{"line":1,"column":24},"end":{"line":1,"column":25}},"loc":{"start":{"line":1,"column":55},"end":{"line":1,"column":81}},"line":1},"1":{"name":"(anonymous_1)","decl":{"start":{"line":2,"column":25},"end":{"line":2,"column":26}},"loc":{"start":{"line":2,"column":49},"end":{"line":2,"column":68}},"line":2}},"branchMap":{},"s":{"0":1,"1":1,"2":1,"3":1},"f":{"0":1,"1":1},"b":{},"inputSourceMap":null,"_coverageSchema":"1a1c01bbd47fc00a2c39e90264f33305004495a9","hash":"6c8e403992532016498bfbdfabf7102178da7203"}
}
